<?xml version="1.0" encoding="UTF-8"?>
<testsuite name="com.lrm.BlogApplicationTests" time="0.04" tests="1" errors="0" skipped="0" failures="0">
  <properties>
    <property name="idea.version" value="2020.3.3"/>
    <property name="java.runtime.name" value="OpenJDK Runtime Environment"/>
    <property name="sun.boot.library.path" value="C:\Users\29613\.jdks\corretto-1.8.0_292\jre\bin"/>
    <property name="java.vm.version" value="25.292-b10"/>
    <property name="java.vm.vendor" value="Amazon.com Inc."/>
    <property name="maven.multiModuleProjectDirectory" value="E:\迅雷云盘\blog"/>
    <property name="java.vendor.url" value="https://aws.amazon.com/corretto/"/>
    <property name="path.separator" value=";"/>
    <property name="guice.disable.misplaced.annotation.check" value="true"/>
    <property name="java.vm.name" value="OpenJDK 64-Bit Server VM"/>
    <property name="file.encoding.pkg" value="sun.io"/>
    <property name="user.script" value=""/>
    <property name="user.country" value="CN"/>
    <property name="sun.java.launcher" value="SUN_STANDARD"/>
    <property name="sun.os.patch.level" value=""/>
    <property name="java.vm.specification.name" value="Java Virtual Machine Specification"/>
    <property name="user.dir" value="E:\迅雷云盘\blog"/>
    <property name="java.runtime.version" value="1.8.0_292-b10"/>
    <property name="java.awt.graphicsenv" value="sun.awt.Win32GraphicsEnvironment"/>
    <property name="java.endorsed.dirs" value="C:\Users\29613\.jdks\corretto-1.8.0_292\jre\lib\endorsed"/>
    <property name="os.arch" value="amd64"/>
    <property name="java.io.tmpdir" value="C:\Users\29613\AppData\Local\Temp\"/>
    <property name="line.separator" value="&#10;"/>
    <property name="java.vm.specification.vendor" value="Oracle Corporation"/>
    <property name="user.variant" value=""/>
    <property name="os.name" value="Windows 10"/>
    <property name="maven.ext.class.path" value="F:\IntelliJ IDEA 2020.3.3\plugins\maven\lib\maven-event-listener.jar"/>
    <property name="classworlds.conf" value="F:\IntelliJ IDEA 2020.3.3\plugins\maven\lib\maven3\bin\m2.conf"/>
    <property name="sun.jnu.encoding" value="GBK"/>
    <property name="java.library.path" value="C:\Users\29613\.jdks\corretto-1.8.0_292\bin;C:\WINDOWS\Sun\Java\bin;C:\WINDOWS\system32;C:\WINDOWS;C:\Program Files (x86)\Intel\iCLS Client\;C:\Program Files\Intel\iCLS Client\;C:\Windows\system32;C:\Windows;C:\Windows\System32\Wbem;C:\Windows\System32\WindowsPowerShell\v1.0\;C:\Program Files (x86)\Intel\Intel(R) Management Engine Components\DAL;C:\Program Files\Intel\Intel(R) Management Engine Components\DAL;C:\Program Files (x86)\Intel\Intel(R) Management Engine Components\IPT;C:\Program Files\Intel\Intel(R) Management Engine Components\IPT;C:\WINDOWS\system32;C:\WINDOWS;C:\WINDOWS\System32\Wbem;C:\WINDOWS\System32\WindowsPowerShell\v1.0\;C:\WINDOWS\System32\OpenSSH\;C:\Program Files\dotnet\;C:\Program Files (x86)\NVIDIA Corporation\PhysX\Common;C:\Program Files\NVIDIA Corporation\NVIDIA NvDLISR;F:\Git\cmd;F:\node\;C:\Program Files\Microsoft SQL Server\130\Tools\Binn\;C:\Program Files\Microsoft SQL Server\Client SDK\ODBC\170\Tools\Binn\;%MYSQL_HOME%\bin;;C:\WINDOWS\system32;C:\WINDOWS;C:\WINDOWS\System32\Wbem;C:\WINDOWS\System32\WindowsPowerShell\v1.0\;C:\WINDOWS\System32\OpenSSH\;C:\Users\29613\AppData\Local\Microsoft\WindowsApps;C:\Program Files\Bandizip\;C:\Users\29613\AppData\Roaming\npm;;."/>
    <property name="maven.conf" value="F:\IntelliJ IDEA 2020.3.3\plugins\maven\lib\maven3/conf"/>
    <property name="java.specification.name" value="Java Platform API Specification"/>
    <property name="java.class.version" value="52.0"/>
    <property name="sun.management.compiler" value="HotSpot 64-Bit Tiered Compilers"/>
    <property name="maven.repo.local" value="C:/Users/29613/.m2/repository"/>
    <property name="os.version" value="10.0"/>
    <property name="user.home" value="C:\Users\29613"/>
    <property name="user.timezone" value="Asia/Shanghai"/>
    <property name="java.awt.printerjob" value="sun.awt.windows.WPrinterJob"/>
    <property name="java.specification.version" value="1.8"/>
    <property name="file.encoding" value="UTF-8"/>
    <property name="user.name" value="29613"/>
    <property name="java.class.path" value="F:\IntelliJ IDEA 2020.3.3\plugins\maven\lib\maven3\boot\plexus-classworlds-2.6.0.jar;F:\IntelliJ IDEA 2020.3.3\plugins\maven\lib\maven3\boot\plexus-classworlds.license;F:\IntelliJ IDEA 2020.3.3\lib\idea_rt.jar"/>
    <property name="java.vm.specification.version" value="1.8"/>
    <property name="sun.arch.data.model" value="64"/>
    <property name="java.home" value="C:\Users\29613\.jdks\corretto-1.8.0_292\jre"/>
    <property name="sun.java.command" value="org.codehaus.classworlds.Launcher -Didea.version=2020.3.3 -Dmaven.repo.local=C:/Users/29613/.m2/repository package"/>
    <property name="java.specification.vendor" value="Oracle Corporation"/>
    <property name="user.language" value="zh"/>
    <property name="awt.toolkit" value="sun.awt.windows.WToolkit"/>
    <property name="java.vm.info" value="mixed mode"/>
    <property name="java.version" value="1.8.0_292"/>
    <property name="java.ext.dirs" value="C:\Users\29613\.jdks\corretto-1.8.0_292\jre\lib\ext;C:\WINDOWS\Sun\Java\lib\ext"/>
    <property name="sun.boot.class.path" value="C:\Users\29613\.jdks\corretto-1.8.0_292\jre\lib\resources.jar;C:\Users\29613\.jdks\corretto-1.8.0_292\jre\lib\rt.jar;C:\Users\29613\.jdks\corretto-1.8.0_292\jre\lib\sunrsasign.jar;C:\Users\29613\.jdks\corretto-1.8.0_292\jre\lib\jsse.jar;C:\Users\29613\.jdks\corretto-1.8.0_292\jre\lib\jce.jar;C:\Users\29613\.jdks\corretto-1.8.0_292\jre\lib\charsets.jar;C:\Users\29613\.jdks\corretto-1.8.0_292\jre\lib\jfr.jar;C:\Users\29613\.jdks\corretto-1.8.0_292\jre\classes"/>
    <property name="java.vendor" value="Amazon.com Inc."/>
    <property name="maven.home" value="F:\IntelliJ IDEA 2020.3.3\plugins\maven\lib\maven3"/>
    <property name="file.separator" value="\"/>
    <property name="java.vendor.url.bug" value="https://github.com/corretto/corretto-8/issues/"/>
    <property name="sun.cpu.endian" value="little"/>
    <property name="sun.io.unicode.encoding" value="UnicodeLittle"/>
    <property name="sun.desktop" value="windows"/>
    <property name="sun.cpu.isalist" value="amd64"/>
  </properties>
  <testcase name="contextLoads" classname="com.lrm.BlogApplicationTests" time="0.04"/>
</testsuite>